Loading bnet: benchmark/handmade/handmade_300_02.bnet
  Variables: 300
Loading attractor: benchmark/handmade/handmade_300_02_01.csv
  Attractor: {'a_0': 1, 'a_1': 1, 's_0': 1, 's_1': 1, 's_10': 1, 's_100': 1, 's_101': 1, 's_102': 1, 's_103': 1, 's_104': 1, 's_105': 1, 's_106': 1, 's_107': 1, 's_108': 1, 's_109': 1, 's_11': 1, 's_110': 1, 's_111': 1, 's_112': 1, 's_113': 1, 's_114': 1, 's_115': 1, 's_116': 1, 's_117': 1, 's_118': 1, 's_119': 1, 's_12': 1, 's_120': 1, 's_121': 1, 's_122': 1, 's_123': 1, 's_124': 1, 's_125': 1, 's_126': 1, 's_127': 1, 's_128': 1, 's_129': 1, 's_13': 1, 's_130': 1, 's_131': 1, 's_132': 1, 's_133': 1, 's_134': 1, 's_135': 1, 's_136': 1, 's_137': 1, 's_138': 1, 's_139': 1, 's_14': 1, 's_140': 1, 's_141': 1, 's_142': 1, 's_143': 1, 's_144': 1, 's_145': 1, 's_146': 1, 's_147': 1, 's_148': 1, 's_149': 1, 's_15': 1, 's_150': 1, 's_151': 1, 's_152': 1, 's_153': 1, 's_154': 1, 's_155': 1, 's_156': 1, 's_157': 1, 's_158': 1, 's_159': 1, 's_16': 1, 's_160': 1, 's_161': 1, 's_162': 1, 's_163': 1, 's_164': 1, 's_165': 1, 's_166': 1, 's_167': 1, 's_168': 1, 's_169': 1, 's_17': 1, 's_170': 1, 's_171': 1, 's_172': 1, 's_173': 1, 's_174': 1, 's_175': 1, 's_176': 1, 's_177': 1, 's_178': 1, 's_179': 1, 's_18': 1, 's_180': 1, 's_181': 1, 's_182': 1, 's_183': 1, 's_184': 1, 's_185': 1, 's_186': 1, 's_187': 1, 's_188': 1, 's_189': 1, 's_19': 1, 's_190': 1, 's_191': 1, 's_192': 1, 's_193': 1, 's_194': 1, 's_195': 1, 's_196': 1, 's_197': 1, 's_198': 1, 's_199': 1, 's_2': 1, 's_20': 1, 's_200': 1, 's_201': 1, 's_202': 1, 's_203': 1, 's_204': 1, 's_205': 1, 's_206': 1, 's_207': 1, 's_208': 1, 's_209': 1, 's_21': 1, 's_210': 1, 's_211': 1, 's_212': 1, 's_213': 1, 's_214': 1, 's_215': 1, 's_216': 1, 's_217': 1, 's_218': 1, 's_219': 1, 's_22': 1, 's_220': 1, 's_221': 1, 's_222': 1, 's_223': 1, 's_224': 1, 's_225': 1, 's_226': 1, 's_227': 1, 's_228': 1, 's_229': 1, 's_23': 1, 's_230': 1, 's_231': 1, 's_232': 1, 's_233': 1, 's_234': 1, 's_235': 1, 's_236': 1, 's_237': 1, 's_238': 1, 's_239': 1, 's_24': 1, 's_240': 1, 's_241': 1, 's_242': 1, 's_243': 1, 's_244': 1, 's_245': 1, 's_246': 1, 's_247': 1, 's_248': 1, 's_249': 1, 's_25': 1, 's_250': 1, 's_251': 1, 's_252': 1, 's_253': 1, 's_254': 1, 's_255': 1, 's_256': 1, 's_257': 1, 's_258': 1, 's_259': 1, 's_26': 1, 's_260': 1, 's_261': 1, 's_262': 1, 's_263': 1, 's_264': 1, 's_265': 1, 's_266': 1, 's_267': 1, 's_268': 1, 's_269': 1, 's_27': 1, 's_270': 1, 's_271': 1, 's_272': 1, 's_273': 1, 's_274': 1, 's_275': 1, 's_276': 1, 's_277': 1, 's_278': 1, 's_279': 1, 's_28': 1, 's_280': 1, 's_281': 1, 's_282': 1, 's_283': 1, 's_284': 1, 's_285': 1, 's_286': 1, 's_287': 1, 's_288': 1, 's_289': 1, 's_29': 1, 's_290': 1, 's_291': 1, 's_292': 1, 's_293': 1, 's_294': 1, 's_295': 1, 's_296': 1, 's_297': 1, 's_3': 1, 's_30': 1, 's_31': 1, 's_32': 1, 's_33': 1, 's_34': 1, 's_35': 1, 's_36': 1, 's_37': 1, 's_38': 1, 's_39': 1, 's_4': 1, 's_40': 1, 's_41': 1, 's_42': 1, 's_43': 1, 's_44': 1, 's_45': 1, 's_46': 1, 's_47': 1, 's_48': 1, 's_49': 1, 's_5': 1, 's_50': 1, 's_51': 1, 's_52': 1, 's_53': 1, 's_54': 1, 's_55': 1, 's_56': 1, 's_57': 1, 's_58': 1, 's_59': 1, 's_6': 1, 's_60': 1, 's_61': 1, 's_62': 1, 's_63': 1, 's_64': 1, 's_65': 1, 's_66': 1, 's_67': 1, 's_68': 1, 's_69': 1, 's_7': 1, 's_70': 1, 's_71': 1, 's_72': 1, 's_73': 1, 's_74': 1, 's_75': 1, 's_76': 1, 's_77': 1, 's_78': 1, 's_79': 1, 's_8': 1, 's_80': 1, 's_81': 1, 's_82': 1, 's_83': 1, 's_84': 1, 's_85': 1, 's_86': 1, 's_87': 1, 's_88': 1, 's_89': 1, 's_9': 1, 's_90': 1, 's_91': 1, 's_92': 1, 's_93': 1, 's_94': 1, 's_95': 1, 's_96': 1, 's_97': 1, 's_98': 1, 's_99': 1}
Computing cycle-free basin (update=asynchronous)...
INFO created /var/folders/2g/1qy9qdm50dv72m74hrv14b5r0000gn/T/pyboolnet_rbh0am5i

=== Cycle-Free Basin ===
size: 2
percentage: 0.0000%
formula: s_1 & (a_1 & (a_0 & (s_0 & (s_10 & (s_100 & (s_101 & (s_102 & (s_103 & (s_104 & (s_105 & (s_106 & (s_107 & (s_108 & (s_109 & (s_11 & (s_110 & (s_111 & (s_112 & (s_113 & (s_114 & (s_115 & (s_116 & (s_117 & (s_118 & (s_119 & (s_12 & (s_120 & (s_121 & (s_122 & (s_123 & (s_124 & (s_125 & (s_126 & (s_127 & (s_128 & (s_129 & (s_13 & (s_130 & (s_131 & (s_132 & (s_133 & (s_134 & (s_135 & (s_136 & (s_137 & (s_138 & (s_139 & (s_14 & (s_140 & (s_141 & (s_142 & (s_143 & (s_144 & (s_145 & (s_146 & (s_147 & (s_148 & (s_149 & (s_15 & (s_150 & (s_151 & (s_152 & (s_153 & (s_154 & (s_155 & (s_156 & (s_157 & (s_158 & (s_159 & (s_16 & (s_160 & (s_161 & (s_162 & (s_163 & (s_164 & (s_165 & (s_166 & (s_167 & (s_168 & (s_169 & (s_17 & (s_170 & (s_171 & (s_172 & (s_173 & (s_174 & (s_175 & (s_176 & (s_177 & (s_178 & (s_179 & (s_18 & (s_180 & (s_181 & (s_182 & (s_183 & (s_184 & (s_185 & (s_186 & (s_187 & (s_188 & (s_189 & (s_19 & (s_190 & (s_191 & (s_192 & (s_193 & (s_194 & (s_195 & (s_196 & (s_197 & (s_198 & (s_199 & (s_2 & (s_20 & (s_200 & (s_201 & (s_202 & (s_203 & (s_204 & (s_205 & (s_206 & (s_207 & (s_208 & (s_209 & (s_21 & (s_210 & (s_211 & (s_212 & (s_213 & (s_214 & (s_215 & (s_216 & (s_217 & (s_218 & (s_219 & (s_22 & (s_220 & (s_221 & (s_222 & (s_223 & (s_224 & (s_225 & (s_226 & (s_227 & (s_228 & (s_229 & (s_23 & (s_230 & (s_231 & (s_232 & (s_233 & (s_234 & (s_235 & (s_236 & (s_237 & (s_238 & (s_239 & (s_24 & (s_240 & (s_241 & (s_242 & (s_243 & (s_244 & (s_245 & (s_246 & (s_247 & (s_248 & (s_249 & (s_25 & (s_250 & (s_251 & (s_252 & (s_253 & (s_254 & (s_255 & (s_256 & (s_257 & (s_258 & (s_259 & (s_26 & (s_260 & (s_261 & (s_262 & (s_263 & (s_264 & (s_265 & (s_266 & (s_267 & (s_268 & (s_269 & (s_27 & (s_270 & (s_271 & (s_272 & (s_273 & (s_274 & (s_275 & (s_276 & (s_277 & (s_278 & (s_279 & (s_28 & (s_280 & (s_281 & (s_282 & (s_283 & (s_284 & (s_285 & (s_286 & (s_287 & (s_288 & (s_289 & (s_29 & (s_290 & (s_291 & (s_292 & (s_293 & (s_294 & (s_295 & (s_296 & (s_297 & (s_3 & (s_30 & (s_31 & (s_32 & (s_33 & (s_34 & (s_35 & (s_36 & (s_37 & (s_38 & (s_39 & (s_4 & (s_40 & (s_41 & (s_42 & (s_43 & (s_44 & (s_45 & (s_46 & (s_47 & (s_48 & (s_49 & (s_5 & (s_50 & (s_51 & (s_52 & (s_53 & (s_54 & (s_55 & (s_56 & (s_57 & (s_58 & (s_59 & (s_6 & (s_60 & (s_61 & (s_62 & (s_63 & (s_64 & (s_65 & (s_66 & (s_67 & (s_68 & (s_69 & (s_7 & (s_70 & (s_71 & (s_72 & (s_73 & (s_74 & (s_75 & (s_76 & (s_77 & (s_78 & (s_79 & (s_8 & (s_80 & (s_81 & (s_82 & (s_83 & (s_84 & (s_85 & (s_86 & (s_87 & (s_88 & (s_89 & (s_9 & (s_90 & (s_91 & (s_92 & (s_93 & (s_94 & (s_95 & (s_97 & (s_98 & (s_96))))))))))))))))))))))))))))))))))))))))))))))))))))))))))))))))))))))))))))))))))))))))))))))))))))))))))))))))))))))))))))))))))))))))))))))))))))))))))))))))))))))))))))))))))))))))))))))))))))))))))))))))))))))))))))))))))))))))))))))))))))))))))))))))))))))))))))))))))))))))))))))))))))))))))
	Command being timed: "gtimeout 1800 python3 compute_cyclefree_basin.py benchmark/handmade/handmade_300_02.bnet benchmark/handmade/handmade_300_02_01.csv"
	User time (seconds): 114.90
	System time (seconds): 0.15
	Percent of CPU this job got: 99%
	Elapsed (wall clock) time (h:mm:ss or m:ss): 1:55.07
	Average shared text size (kbytes): 0
	Average unshared data size (kbytes): 0
	Average stack size (kbytes): 0
	Average total size (kbytes): 0
	Maximum resident set size (kbytes): 81424
	Average resident set size (kbytes): 0
	Major (requiring I/O) page faults: 1
	Minor (reclaiming a frame) page faults: 30876
	Voluntary context switches: 3
	Involuntary context switches: 384
	Swaps: 0
	File system inputs: 0
	File system outputs: 0
	Socket messages sent: 0
	Socket messages received: 0
	Signals delivered: 1
	Page size (bytes): 16384
	Exit status: 0
